  main.cpp
C:\Users\omelette\Desktop\Discord\Discord\include.h(103,32): warning C4244: 'argument' : conversion de 'double' en 'float', perte possible de données
C:\Users\omelette\Desktop\Discord\Discord\include.h(103,53): warning C4244: 'argument' : conversion de 'double' en 'float', perte possible de données
C:\Users\omelette\Desktop\Discord\Discord\include.h(103,74): warning C4244: 'argument' : conversion de 'double' en 'float', perte possible de données
C:\Users\omelette\Desktop\Discord\Discord\include.h(139,22): warning C4244: '=' : conversion de 'double' en 'float', perte possible de données
C:\Users\omelette\Desktop\Discord\Discord\include.h(140,22): warning C4244: '=' : conversion de 'double' en 'float', perte possible de données
C:\Users\omelette\Desktop\Discord\Discord\include.h(141,22): warning C4244: '=' : conversion de 'double' en 'float', perte possible de données
C:\Users\omelette\Desktop\Discord\Discord\include.h(150,32): warning C4244: '=' : conversion de 'double' en 'float', perte possible de données
C:\Users\omelette\Desktop\Discord\Discord\include.h(151,32): warning C4244: '=' : conversion de 'double' en 'float', perte possible de données
C:\Users\omelette\Desktop\Discord\Discord\include.h(152,32): warning C4244: '=' : conversion de 'double' en 'float', perte possible de données
C:\Users\omelette\Desktop\Discord\Discord\include.h(156,23): warning C4244: '=' : conversion de 'double' en 'float', perte possible de données
C:\Users\omelette\Desktop\Discord\Discord\include.h(157,23): warning C4244: '=' : conversion de 'double' en 'float', perte possible de données
C:\Users\omelette\Desktop\Discord\Discord\include.h(161,23): warning C4244: '=' : conversion de 'double' en 'float', perte possible de données
C:\Users\omelette\Desktop\Discord\Discord\include.h(162,23): warning C4244: '=' : conversion de 'double' en 'float', perte possible de données
C:\Users\omelette\Desktop\Discord\Discord\include.h(166,23): warning C4244: '=' : conversion de 'double' en 'float', perte possible de données
C:\Users\omelette\Desktop\Discord\Discord\include.h(167,23): warning C4244: '=' : conversion de 'double' en 'float', perte possible de données
C:\Users\omelette\Desktop\Discord\Discord\include.h(208,74): warning C4267: 'argument' : conversion de 'size_t' en 'int', perte possible de données
C:\Users\omelette\Desktop\Discord\Discord\include.h(612,37): warning C4477: 'snprintf' : la chaîne de format '%ws' nécessite un argument de type 'wchar_t *', mais l'argument variadique 1 est de type 'TCHAR *'
C:\Users\omelette\Desktop\Discord\Discord\include.h(612,37): message : utilisez '%hs' dans la chaîne de format
C:\Users\omelette\Desktop\Discord\Discord\include.h(612,37): message : utilisez '%s' dans la chaîne de format
C:\Users\omelette\Desktop\Discord\Discord\include.h(612,37): message : utilisez '%Ts' dans la chaîne de format
C:\Users\omelette\Desktop\Discord\Discord\include.h(739,13): warning C4244: '=' : conversion de '__int64' en 'unsigned int', perte possible de données
C:\Users\omelette\Desktop\Discord\Discord\include.h(729,11): warning C4101: 'v9' : variable locale non référencée
C:\Users\omelette\Desktop\Discord\Discord\include.h(786,29): warning C4244: '=' : conversion de '__int64' en 'unsigned int', perte possible de données
C:\Users\omelette\Desktop\Discord\Discord\include.h(775,11): warning C4101: 'v9' : variable locale non référencée
C:\Users\omelette\Desktop\Discord\Discord\renderutils.h(47,56): warning C4244: 'argument' : conversion de 'int' en 'float', perte possible de données
C:\Users\omelette\Desktop\Discord\Discord\renderutils.h(47,50): warning C4244: 'argument' : conversion de 'int' en 'float', perte possible de données
C:\Users\omelette\Desktop\Discord\Discord\renderutils.h(52,65): warning C4244: 'argument' : conversion de 'int' en 'float', perte possible de données
C:\Users\omelette\Desktop\Discord\Discord\renderutils.h(52,55): warning C4244: 'argument' : conversion de 'int' en 'float', perte possible de données
C:\Users\omelette\Desktop\Discord\Discord\renderutils.h(53,65): warning C4244: 'argument' : conversion de 'int' en 'float', perte possible de données
C:\Users\omelette\Desktop\Discord\Discord\renderutils.h(53,55): warning C4244: 'argument' : conversion de 'int' en 'float', perte possible de données
C:\Users\omelette\Desktop\Discord\Discord\renderutils.h(54,65): warning C4244: 'argument' : conversion de 'int' en 'float', perte possible de données
C:\Users\omelette\Desktop\Discord\Discord\renderutils.h(54,55): warning C4244: 'argument' : conversion de 'int' en 'float', perte possible de données
C:\Users\omelette\Desktop\Discord\Discord\renderutils.h(55,65): warning C4244: 'argument' : conversion de 'int' en 'float', perte possible de données
C:\Users\omelette\Desktop\Discord\Discord\renderutils.h(55,55): warning C4244: 'argument' : conversion de 'int' en 'float', perte possible de données
C:\Users\omelette\Desktop\Discord\Discord\renderutils.h(56,56): warning C4244: 'argument' : conversion de 'int' en 'float', perte possible de données
C:\Users\omelette\Desktop\Discord\Discord\renderutils.h(56,50): warning C4244: 'argument' : conversion de 'int' en 'float', perte possible de données
C:\Users\omelette\Desktop\Discord\Discord\renderutils.h(61,65): warning C4244: 'argument' : conversion de 'int' en 'float', perte possible de données
C:\Users\omelette\Desktop\Discord\Discord\renderutils.h(61,55): warning C4244: 'argument' : conversion de 'int' en 'float', perte possible de données
C:\Users\omelette\Desktop\Discord\Discord\renderutils.h(62,65): warning C4244: 'argument' : conversion de 'int' en 'float', perte possible de données
C:\Users\omelette\Desktop\Discord\Discord\renderutils.h(62,55): warning C4244: 'argument' : conversion de 'int' en 'float', perte possible de données
C:\Users\omelette\Desktop\Discord\Discord\renderutils.h(63,56): warning C4244: 'argument' : conversion de 'int' en 'float', perte possible de données
C:\Users\omelette\Desktop\Discord\Discord\renderutils.h(63,50): warning C4244: 'argument' : conversion de 'int' en 'float', perte possible de données
C:\Users\omelette\Desktop\Discord\Discord\renderutils.h(68,132): warning C4244: 'argument' : conversion de 'int' en 'float', perte possible de données
C:\Users\omelette\Desktop\Discord\Discord\renderutils.h(68,73): warning C4244: 'argument' : conversion de 'int' en 'float', perte possible de données
C:\Users\omelette\Desktop\Discord\Discord\renderutils.h(68,66): warning C4244: 'argument' : conversion de 'int' en 'float', perte possible de données
C:\Users\omelette\Desktop\Discord\Discord\renderutils.h(68,53): warning C4244: 'argument' : conversion de 'int' en 'float', perte possible de données
C:\Users\omelette\Desktop\Discord\Discord\renderutils.h(68,50): warning C4244: 'argument' : conversion de 'int' en 'float', perte possible de données
C:\Users\omelette\Desktop\Discord\Discord\renderutils.h(73,89): warning C4244: 'argument' : conversion de 'int' en 'float', perte possible de données
C:\Users\omelette\Desktop\Discord\Discord\renderutils.h(73,82): warning C4244: 'argument' : conversion de 'int' en 'float', perte possible de données
C:\Users\omelette\Desktop\Discord\Discord\renderutils.h(73,69): warning C4244: 'argument' : conversion de 'int' en 'float', perte possible de données
C:\Users\omelette\Desktop\Discord\Discord\renderutils.h(73,66): warning C4244: 'argument' : conversion de 'int' en 'float', perte possible de données
C:\Users\omelette\Desktop\Discord\Discord\renderutils.h(78,79): warning C4244: 'argument' : conversion de 'int' en 'float', perte possible de données
C:\Users\omelette\Desktop\Discord\Discord\renderutils.h(78,72): warning C4244: 'argument' : conversion de 'int' en 'float', perte possible de données
C:\Users\omelette\Desktop\Discord\Discord\renderutils.h(78,59): warning C4244: 'argument' : conversion de 'int' en 'float', perte possible de données
C:\Users\omelette\Desktop\Discord\Discord\renderutils.h(78,56): warning C4244: 'argument' : conversion de 'int' en 'float', perte possible de données
C:\Users\omelette\Desktop\Discord\Discord\renderutils.h(81,73): warning C4042: 'tab_name' : classe de stockage incorrecte
C:\Users\omelette\Desktop\Discord\Discord\renderutils.h(89,153): warning C4305: 'argument' : troncation de 'double' à 'float'
C:\Users\omelette\Desktop\Discord\Discord\renderutils.h(89,66): warning C4244: 'argument' : conversion de 'int' en 'float', perte possible de données
C:\Users\omelette\Desktop\Discord\Discord\renderutils.h(89,63): warning C4244: 'argument' : conversion de 'int' en 'float', perte possible de données
C:\Users\omelette\Desktop\Discord\Discord\renderutils.h(89,52): warning C4244: 'argument' : conversion de 'int' en 'float', perte possible de données
C:\Users\omelette\Desktop\Discord\Discord\renderutils.h(89,49): warning C4244: 'argument' : conversion de 'int' en 'float', perte possible de données
C:\Users\omelette\Desktop\Discord\Discord\renderutils.h(90,103): warning C4244: 'argument' : conversion de 'int' en 'float', perte possible de données
C:\Users\omelette\Desktop\Discord\Discord\renderutils.h(90,66): warning C4244: 'argument' : conversion de 'int' en 'float', perte possible de données
C:\Users\omelette\Desktop\Discord\Discord\renderutils.h(90,63): warning C4244: 'argument' : conversion de 'int' en 'float', perte possible de données
C:\Users\omelette\Desktop\Discord\Discord\renderutils.h(90,52): warning C4244: 'argument' : conversion de 'int' en 'float', perte possible de données
C:\Users\omelette\Desktop\Discord\Discord\renderutils.h(90,49): warning C4244: 'argument' : conversion de 'int' en 'float', perte possible de données
C:\Users\omelette\Desktop\Discord\Discord\renderutils.h(125,69): warning C4244: 'argument' : conversion de 'int' en 'float', perte possible de données
C:\Users\omelette\Desktop\Discord\Discord\renderutils.h(125,65): warning C4244: 'argument' : conversion de 'int' en 'float', perte possible de données
C:\Users\omelette\Desktop\Discord\Discord\renderutils.h(125,53): warning C4244: 'argument' : conversion de 'int' en 'float', perte possible de données
C:\Users\omelette\Desktop\Discord\Discord\renderutils.h(125,49): warning C4244: 'argument' : conversion de 'int' en 'float', perte possible de données
C:\Users\omelette\Desktop\Discord\Discord\renderutils.h(130,58): warning C4244: 'argument' : conversion de 'int' en 'float', perte possible de données
C:\Users\omelette\Desktop\Discord\Discord\renderutils.h(130,54): warning C4244: 'argument' : conversion de 'int' en 'float', perte possible de données
C:\Users\omelette\Desktop\Discord\Discord\renderutils.h(130,51): warning C4244: 'argument' : conversion de 'int' en 'float', perte possible de données
C:\Users\omelette\Desktop\Discord\Discord\world.h(32,19): warning C4244: 'argument' : conversion de 'double' en 'float', perte possible de données
C:\Users\omelette\Desktop\Discord\Discord\world.h(33,19): warning C4244: 'argument' : conversion de 'double' en 'float', perte possible de données
C:\Users\omelette\Desktop\Discord\Discord\world.h(34,19): warning C4244: 'argument' : conversion de 'double' en 'float', perte possible de données
C:\Users\omelette\Desktop\Discord\Discord\world.h(35,19): warning C4244: 'argument' : conversion de 'double' en 'float', perte possible de données
C:\Users\omelette\Desktop\Discord\Discord\world.h(36,19): warning C4244: 'argument' : conversion de 'double' en 'float', perte possible de données
C:\Users\omelette\Desktop\Discord\Discord\world.h(37,19): warning C4244: 'argument' : conversion de 'double' en 'float', perte possible de données
C:\Users\omelette\Desktop\Discord\Discord\world.h(40,22): warning C4244: '=' : conversion de 'double' en 'float', perte possible de données
C:\Users\omelette\Desktop\Discord\Discord\world.h(41,22): warning C4244: '=' : conversion de 'double' en 'float', perte possible de données
C:\Users\omelette\Desktop\Discord\Discord\world.h(42,19): warning C4244: '=' : conversion de 'double' en 'float', perte possible de données
C:\Users\omelette\Desktop\Discord\Discord\world.h(45,32): warning C4244: '=' : conversion de 'double' en 'float', perte possible de données
C:\Users\omelette\Desktop\Discord\Discord\world.h(46,32): warning C4244: '=' : conversion de 'double' en 'float', perte possible de données
C:\Users\omelette\Desktop\Discord\Discord\world.h(47,23): warning C4244: '=' : conversion de 'double' en 'float', perte possible de données
C:\Users\omelette\Desktop\Discord\Discord\world.h(50,19): warning C4244: '=' : conversion de 'double' en 'float', perte possible de données
C:\Users\omelette\Desktop\Discord\Discord\world.h(51,27): warning C4244: '=' : conversion de 'double' en 'float', perte possible de données
C:\Users\omelette\Desktop\Discord\Discord\world.h(52,22): warning C4244: '=' : conversion de 'double' en 'float', perte possible de données
C:\Users\omelette\Desktop\Discord\Discord\world.h(55,25): warning C4244: '=' : conversion de 'double' en 'float', perte possible de données
C:\Users\omelette\Desktop\Discord\Discord\world.h(56,25): warning C4244: '=' : conversion de 'double' en 'float', perte possible de données
C:\Users\omelette\Desktop\Discord\Discord\world.h(57,25): warning C4244: '=' : conversion de 'double' en 'float', perte possible de données
C:\Users\omelette\Desktop\Discord\Discord\world.h(99,22): warning C4244: 'initialisation' : conversion de 'int' en 'float', perte possible de données
C:\Users\omelette\Desktop\Discord\Discord\world.h(100,22): warning C4244: 'initialisation' : conversion de 'int' en 'float', perte possible de données
C:\Users\omelette\Desktop\Discord\Discord\world.h(101,22): warning C4244: 'initialisation' : conversion de 'int' en 'float', perte possible de données
C:\Users\omelette\Desktop\Discord\Discord\world.h(103,99): warning C4244: 'argument' : conversion de 'double' en 'float', perte possible de données
C:\Users\omelette\Desktop\Discord\Discord\world.h(104,99): warning C4244: 'argument' : conversion de 'double' en 'float', perte possible de données
C:\Users\omelette\Desktop\Discord\Discord\world.h(105,99): warning C4244: 'argument' : conversion de 'double' en 'float', perte possible de données
C:\Users\omelette\Desktop\Discord\Discord\world.h(112,22): warning C4244: 'initialisation' : conversion de 'int' en 'float', perte possible de données
C:\Users\omelette\Desktop\Discord\Discord\world.h(113,22): warning C4244: 'initialisation' : conversion de 'int' en 'float', perte possible de données
C:\Users\omelette\Desktop\Discord\Discord\world.h(114,15): warning C4244: 'initialisation' : conversion de 'float' en 'int', perte possible de données
C:\Users\omelette\Desktop\Discord\Discord\world.h(177,18): warning C4244: 'initialisation' : conversion de 'double' en 'float', perte possible de données
C:\Users\omelette\Desktop\Discord\Discord\world.h(183,37): warning C4244: 'argument' : conversion de 'double' en 'float', perte possible de données
C:\Users\omelette\Desktop\Discord\Discord\world.h(183,22): warning C4244: 'argument' : conversion de 'double' en 'float', perte possible de données
C:\Users\omelette\Desktop\Discord\Discord\world.h(191,37): warning C4244: 'argument' : conversion de 'double' en 'float', perte possible de données
C:\Users\omelette\Desktop\Discord\Discord\world.h(191,22): warning C4244: 'argument' : conversion de 'double' en 'float', perte possible de données
C:\Users\omelette\Desktop\Discord\Discord\render_esp.h(48,18): warning C4244: 'initialisation' : conversion de 'double' en 'float', perte possible de données
C:\Users\omelette\Desktop\Discord\Discord\render_esp.h(58,18): warning C4244: 'initialisation' : conversion de 'double' en 'float', perte possible de données
C:\Users\omelette\Desktop\Discord\Discord\render_esp.h(63,22): warning C4244: 'initialisation' : conversion de 'double' en 'float', perte possible de données
C:\Users\omelette\Desktop\Discord\Discord\render_esp.h(92,104): warning C4244: 'argument' : conversion de 'double' en 'float', perte possible de données
C:\Users\omelette\Desktop\Discord\Discord\render_esp.h(92,85): warning C4244: 'argument' : conversion de 'double' en 'float', perte possible de données
C:\Users\omelette\Desktop\Discord\Discord\render_esp.h(98,105): warning C4244: 'argument' : conversion de 'double' en 'float', perte possible de données
C:\Users\omelette\Desktop\Discord\Discord\render_esp.h(98,86): warning C4244: 'argument' : conversion de 'double' en 'float', perte possible de données
C:\Users\omelette\Desktop\Discord\Discord\render_esp.h(102,105): warning C4244: 'argument' : conversion de 'double' en 'float', perte possible de données
C:\Users\omelette\Desktop\Discord\Discord\render_esp.h(102,86): warning C4244: 'argument' : conversion de 'double' en 'float', perte possible de données
C:\Users\omelette\Desktop\Discord\Discord\render_esp.h(138,56): warning C4244: 'argument' : conversion de 'double' en 'float', perte possible de données
C:\Users\omelette\Desktop\Discord\Discord\render_esp.h(138,46): warning C4244: 'argument' : conversion de 'double' en 'float', perte possible de données
C:\Users\omelette\Desktop\Discord\Discord\render_esp.h(249,52): warning C4244: 'argument' : conversion de 'double' en 'int', perte possible de données
C:\Users\omelette\Desktop\Discord\Discord\render_esp.h(249,43): warning C4244: 'argument' : conversion de 'double' en 'int', perte possible de données
C:\Users\omelette\Desktop\Discord\Discord\render_esp.h(253,48): warning C4244: 'argument' : conversion de 'double' en 'int', perte possible de données
C:\Users\omelette\Desktop\Discord\Discord\render_esp.h(253,39): warning C4244: 'argument' : conversion de 'double' en 'int', perte possible de données
C:\Users\omelette\Desktop\Discord\Discord\render_esp.h(260,54): warning C4244: 'argument' : conversion de 'double' en 'int', perte possible de données
C:\Users\omelette\Desktop\Discord\Discord\render_esp.h(260,44): warning C4244: 'argument' : conversion de 'double' en 'int', perte possible de données
C:\Users\omelette\Desktop\Discord\Discord\render_esp.h(264,50): warning C4244: 'argument' : conversion de 'double' en 'int', perte possible de données
C:\Users\omelette\Desktop\Discord\Discord\render_esp.h(264,40): warning C4244: 'argument' : conversion de 'double' en 'int', perte possible de données
C:\Users\omelette\Desktop\Discord\Discord\render_esp.h(271,56): warning C4244: 'argument' : conversion de 'double' en 'int', perte possible de données
C:\Users\omelette\Desktop\Discord\Discord\render_esp.h(271,45): warning C4244: 'argument' : conversion de 'double' en 'int', perte possible de données
C:\Users\omelette\Desktop\Discord\Discord\render_esp.h(275,52): warning C4244: 'argument' : conversion de 'double' en 'int', perte possible de données
C:\Users\omelette\Desktop\Discord\Discord\render_esp.h(275,41): warning C4244: 'argument' : conversion de 'double' en 'int', perte possible de données
C:\Users\omelette\Desktop\Discord\Discord\render_esp.h(283,29): warning C4244: 'argument' : conversion de 'double' en 'float', perte possible de données
C:\Users\omelette\Desktop\Discord\Discord\render_esp.h(308,29): warning C4244: 'argument' : conversion de 'double' en 'float', perte possible de données
C:\Users\omelette\Desktop\Discord\Discord\render_esp.h(354,18): warning C4244: 'initialisation' : conversion de 'double' en 'float', perte possible de données
C:\Users\omelette\Desktop\Discord\Discord\render_esp.h(362,101): warning C4806: '==' : opération risquée : aucune valeur de type 'T' promue en type 'int' ne peut être égale à la constante donnée
          with
          [
              T=bool
          ]
C:\Users\omelette\Desktop\Discord\Discord\render_esp.h(366,70): warning C4244: 'argument' : conversion de 'double' en 'float', perte possible de données
C:\Users\omelette\Desktop\Discord\Discord\render_esp.h(366,53): warning C4244: 'argument' : conversion de 'double' en 'float', perte possible de données
C:\Users\omelette\Desktop\Discord\Discord\render_esp.h(368,104): warning C4806: '==' : opération risquée : aucune valeur de type 'T' promue en type 'int' ne peut être égale à la constante donnée
          with
          [
              T=bool
          ]
C:\Users\omelette\Desktop\Discord\Discord\render_esp.h(372,72): warning C4244: 'argument' : conversion de 'double' en 'float', perte possible de données
C:\Users\omelette\Desktop\Discord\Discord\render_esp.h(372,55): warning C4244: 'argument' : conversion de 'double' en 'float', perte possible de données
C:\Users\omelette\Desktop\Discord\Discord\render_esp.h(391,18): warning C4244: 'initialisation' : conversion de 'double' en 'float', perte possible de données
C:\Users\omelette\Desktop\Discord\Discord\render_esp.h(414,72): warning C4244: 'argument' : conversion de 'double' en 'float', perte possible de données
C:\Users\omelette\Desktop\Discord\Discord\render_esp.h(414,55): warning C4244: 'argument' : conversion de 'double' en 'float', perte possible de données
C:\Users\omelette\Desktop\Discord\Discord\menu.h(25,20): warning C4553: '==' : résultat de l'expression non utilisé ; souhaitiez-vous utiliser '=' ?
C:\Users\omelette\Desktop\Discord\Discord\menu.h(30,20): warning C4553: '==' : résultat de l'expression non utilisé ; souhaitiez-vous utiliser '=' ?
C:\Users\omelette\Desktop\Discord\Discord\menu.h(35,46): warning C4244: 'argument' : conversion de 'float' en 'int', perte possible de données
C:\Users\omelette\Desktop\Discord\Discord\menu.h(110,21): warning C4553: '==' : résultat de l'expression non utilisé ; souhaitiez-vous utiliser '=' ?
C:\Users\omelette\Desktop\Discord\Discord\menu.h(115,21): warning C4553: '==' : résultat de l'expression non utilisé ; souhaitiez-vous utiliser '=' ?
C:\Users\omelette\Desktop\Discord\Discord\menu.h(196,33): warning C4305: '+=' : troncation de 'double' à 'float'
C:\Users\omelette\Desktop\Discord\Discord\menu.h(203,33): warning C4305: '-=' : troncation de 'double' à 'float'
C:\Users\omelette\Desktop\Discord\Discord\window.h(159,23): warning C4244: '=' : conversion de 'LONG' en 'float', perte possible de données
C:\Users\omelette\Desktop\Discord\Discord\window.h(160,23): warning C4244: '=' : conversion de 'LONG' en 'float', perte possible de données
C:\Users\omelette\Desktop\Discord\Discord\actors.h(161,22): warning C4018: '<' : incompatibilité signed/unsigned
C:\Users\omelette\Desktop\Discord\Discord\actors.h(227,22): warning C4018: '<' : incompatibilité signed/unsigned
C:\Users\omelette\Desktop\Discord\Discord\actors.h(269,63): warning C4305: 'argument' : troncation de 'double' à 'T'
          with
          [
              T=float
          ]
  Génération de code en cours
C:\Users\omelette\Desktop\Discord\Discord\main.cpp(78): warning C4715: 'driver_load' : les chemins de contrôle ne retournent pas tous une valeur
  357 of 3567 functions (10.0%) were compiled, the rest were copied from previous compilation.
    1 functions were new in current compilation
    29 functions had inline decision re-evaluated but remain unchanged
  Fin de la génération du code
library_x64.lib(auth.obj) : warning LNK4099: PDB 'library_x64.pdb' n'a pu être trouvé avec 'library_x64.lib(auth.obj)' ou sur 'C:\Users\omelette\Desktop\Discord\x64\Release\library_x64.pdb' ; l'objet sera lié sans informations de débogage
library_x64.lib(utils.obj) : warning LNK4099: PDB 'library_x64.pdb' n'a pu être trouvé avec 'library_x64.lib(utils.obj)' ou sur 'C:\Users\omelette\Desktop\Discord\x64\Release\library_x64.pdb' ; l'objet sera lié sans informations de débogage
  Discord.vcxproj -> C:\Users\omelette\Desktop\Discord\x64\Release\Discord.exe
