  main.cpp
  intel_driver.cpp
  The contents of <filesystem> are available only with C++17 or later.
C:\Users\abcd\Desktop\fortniterenewal\Discord\Discord\mapper\intel_driver.hpp(88,3): warning C4984: 'if constexpr' est une extension de langage C++17
C:\Users\abcd\Desktop\fortniterenewal\Discord\Discord\mapper\intel_driver.hpp(161,4): warning C4984: 'if constexpr' est une extension de langage C++17
C:\Users\abcd\Desktop\fortniterenewal\Discord\Discord\mapper\intel_driver.hpp(221,4): warning C4984: 'if constexpr' est une extension de langage C++17
C:\Users\abcd\Desktop\fortniterenewal\Discord\Discord\mapper\intel_driver.hpp(271,4): warning C4984: 'if constexpr' est une extension de langage C++17
C:\Users\abcd\Desktop\fortniterenewal\Discord\Discord\mapper\intel_driver.hpp(135,90): error C2664: 'HMODULE LoadLibraryW(LPCWSTR)' : impossible de convertir l'argument 1 de 'const char [10]' en 'LPCWSTR'
C:\Users\abcd\Desktop\fortniterenewal\Discord\Discord\mapper\intel_driver.hpp(135,91): message : Les types pointés n'ont aucun rapport entre eux ; conversion nécessitant reinterpret_cast, cast de style C ou cast de style fonction
C:\Program Files (x86)\Windows Kits\10\Include\10.0.22000.0\um\libloaderapi.h(601,1): message : voir la déclaration de 'LoadLibraryW'
C:\Users\abcd\Desktop\fortniterenewal\Discord\Discord\mapper\intel_driver.hpp(135,90): message : 'LoadLibraryW' : la déclaration de fonction doit être disponible, car aucun des arguments ne dépend d'un paramètre de modèle
C:\Users\abcd\Desktop\fortniterenewal\Discord\Discord\mapper\intel_driver.hpp(182,97): error C2664: 'HMODULE LoadLibraryW(LPCWSTR)' : impossible de convertir l'argument 1 de 'const char [14]' en 'LPCWSTR'
C:\Users\abcd\Desktop\fortniterenewal\Discord\Discord\mapper\intel_driver.hpp(182,98): message : Les types pointés n'ont aucun rapport entre eux ; conversion nécessitant reinterpret_cast, cast de style C ou cast de style fonction
C:\Program Files (x86)\Windows Kits\10\Include\10.0.22000.0\um\libloaderapi.h(601,1): message : voir la déclaration de 'LoadLibraryW'
C:\Users\abcd\Desktop\fortniterenewal\Discord\Discord\mapper\intel_driver.hpp(182,97): message : 'LoadLibraryW' : la déclaration de fonction doit être disponible, car aucun des arguments ne dépend d'un paramètre de modèle
C:\Users\abcd\Desktop\fortniterenewal\Discord\Discord\mapper\intel_driver.hpp(183,104): error C2664: 'HMODULE LoadLibraryW(LPCWSTR)' : impossible de convertir l'argument 1 de 'const char [11]' en 'LPCWSTR'
C:\Users\abcd\Desktop\fortniterenewal\Discord\Discord\mapper\intel_driver.hpp(183,105): message : Les types pointés n'ont aucun rapport entre eux ; conversion nécessitant reinterpret_cast, cast de style C ou cast de style fonction
C:\Program Files (x86)\Windows Kits\10\Include\10.0.22000.0\um\libloaderapi.h(601,1): message : voir la déclaration de 'LoadLibraryW'
C:\Users\abcd\Desktop\fortniterenewal\Discord\Discord\mapper\intel_driver.hpp(183,104): message : 'LoadLibraryW' : la déclaration de fonction doit être disponible, car aucun des arguments ne dépend d'un paramètre de modèle
C:\Users\abcd\Desktop\fortniterenewal\Discord\Discord\mapper\intel_driver.hpp(248,97): error C2664: 'HMODULE LoadLibraryW(LPCWSTR)' : impossible de convertir l'argument 1 de 'const char [14]' en 'LPCWSTR'
C:\Users\abcd\Desktop\fortniterenewal\Discord\Discord\mapper\intel_driver.hpp(248,98): message : Les types pointés n'ont aucun rapport entre eux ; conversion nécessitant reinterpret_cast, cast de style C ou cast de style fonction
C:\Program Files (x86)\Windows Kits\10\Include\10.0.22000.0\um\libloaderapi.h(601,1): message : voir la déclaration de 'LoadLibraryW'
C:\Users\abcd\Desktop\fortniterenewal\Discord\Discord\mapper\intel_driver.hpp(248,97): message : 'LoadLibraryW' : la déclaration de fonction doit être disponible, car aucun des arguments ne dépend d'un paramètre de modèle
  kdmapper.cpp
  The contents of <filesystem> are available only with C++17 or later.
C:\Users\abcd\Desktop\fortniterenewal\Discord\Discord\mapper\intel_driver.hpp(88,3): warning C4984: 'if constexpr' est une extension de langage C++17
C:\Users\abcd\Desktop\fortniterenewal\Discord\Discord\mapper\intel_driver.hpp(161,4): warning C4984: 'if constexpr' est une extension de langage C++17
C:\Users\abcd\Desktop\fortniterenewal\Discord\Discord\mapper\intel_driver.hpp(221,4): warning C4984: 'if constexpr' est une extension de langage C++17
C:\Users\abcd\Desktop\fortniterenewal\Discord\Discord\mapper\intel_driver.hpp(271,4): warning C4984: 'if constexpr' est une extension de langage C++17
C:\Users\abcd\Desktop\fortniterenewal\Discord\Discord\mapper\intel_driver.hpp(135,90): error C2664: 'HMODULE LoadLibraryW(LPCWSTR)' : impossible de convertir l'argument 1 de 'const char [10]' en 'LPCWSTR'
C:\Users\abcd\Desktop\fortniterenewal\Discord\Discord\mapper\intel_driver.hpp(135,91): message : Les types pointés n'ont aucun rapport entre eux ; conversion nécessitant reinterpret_cast, cast de style C ou cast de style fonction
C:\Program Files (x86)\Windows Kits\10\Include\10.0.22000.0\um\libloaderapi.h(601,1): message : voir la déclaration de 'LoadLibraryW'
C:\Users\abcd\Desktop\fortniterenewal\Discord\Discord\mapper\intel_driver.hpp(135,90): message : 'LoadLibraryW' : la déclaration de fonction doit être disponible, car aucun des arguments ne dépend d'un paramètre de modèle
C:\Users\abcd\Desktop\fortniterenewal\Discord\Discord\mapper\intel_driver.hpp(182,97): error C2664: 'HMODULE LoadLibraryW(LPCWSTR)' : impossible de convertir l'argument 1 de 'const char [14]' en 'LPCWSTR'
C:\Users\abcd\Desktop\fortniterenewal\Discord\Discord\mapper\intel_driver.hpp(182,98): message : Les types pointés n'ont aucun rapport entre eux ; conversion nécessitant reinterpret_cast, cast de style C ou cast de style fonction
C:\Program Files (x86)\Windows Kits\10\Include\10.0.22000.0\um\libloaderapi.h(601,1): message : voir la déclaration de 'LoadLibraryW'
C:\Users\abcd\Desktop\fortniterenewal\Discord\Discord\mapper\intel_driver.hpp(182,97): message : 'LoadLibraryW' : la déclaration de fonction doit être disponible, car aucun des arguments ne dépend d'un paramètre de modèle
C:\Users\abcd\Desktop\fortniterenewal\Discord\Discord\mapper\intel_driver.hpp(183,104): error C2664: 'HMODULE LoadLibraryW(LPCWSTR)' : impossible de convertir l'argument 1 de 'const char [11]' en 'LPCWSTR'
C:\Users\abcd\Desktop\fortniterenewal\Discord\Discord\mapper\intel_driver.hpp(183,105): message : Les types pointés n'ont aucun rapport entre eux ; conversion nécessitant reinterpret_cast, cast de style C ou cast de style fonction
C:\Program Files (x86)\Windows Kits\10\Include\10.0.22000.0\um\libloaderapi.h(601,1): message : voir la déclaration de 'LoadLibraryW'
C:\Users\abcd\Desktop\fortniterenewal\Discord\Discord\mapper\intel_driver.hpp(183,104): message : 'LoadLibraryW' : la déclaration de fonction doit être disponible, car aucun des arguments ne dépend d'un paramètre de modèle
C:\Users\abcd\Desktop\fortniterenewal\Discord\Discord\mapper\intel_driver.hpp(248,97): error C2664: 'HMODULE LoadLibraryW(LPCWSTR)' : impossible de convertir l'argument 1 de 'const char [14]' en 'LPCWSTR'
C:\Users\abcd\Desktop\fortniterenewal\Discord\Discord\mapper\intel_driver.hpp(248,98): message : Les types pointés n'ont aucun rapport entre eux ; conversion nécessitant reinterpret_cast, cast de style C ou cast de style fonction
C:\Program Files (x86)\Windows Kits\10\Include\10.0.22000.0\um\libloaderapi.h(601,1): message : voir la déclaration de 'LoadLibraryW'
C:\Users\abcd\Desktop\fortniterenewal\Discord\Discord\mapper\intel_driver.hpp(248,97): message : 'LoadLibraryW' : la déclaration de fonction doit être disponible, car aucun des arguments ne dépend d'un paramètre de modèle
  portable_executable.cpp
  service.cpp
  The contents of <filesystem> are available only with C++17 or later.
C:\Users\abcd\Desktop\fortniterenewal\Discord\Discord\mapper\intel_driver.hpp(88,3): warning C4984: 'if constexpr' est une extension de langage C++17
C:\Users\abcd\Desktop\fortniterenewal\Discord\Discord\mapper\intel_driver.hpp(161,4): warning C4984: 'if constexpr' est une extension de langage C++17
C:\Users\abcd\Desktop\fortniterenewal\Discord\Discord\mapper\intel_driver.hpp(221,4): warning C4984: 'if constexpr' est une extension de langage C++17
C:\Users\abcd\Desktop\fortniterenewal\Discord\Discord\mapper\intel_driver.hpp(271,4): warning C4984: 'if constexpr' est une extension de langage C++17
C:\Users\abcd\Desktop\fortniterenewal\Discord\Discord\mapper\intel_driver.hpp(135,90): error C2664: 'HMODULE LoadLibraryW(LPCWSTR)' : impossible de convertir l'argument 1 de 'const char [10]' en 'LPCWSTR'
C:\Users\abcd\Desktop\fortniterenewal\Discord\Discord\mapper\intel_driver.hpp(135,91): message : Les types pointés n'ont aucun rapport entre eux ; conversion nécessitant reinterpret_cast, cast de style C ou cast de style fonction
C:\Program Files (x86)\Windows Kits\10\Include\10.0.22000.0\um\libloaderapi.h(601,1): message : voir la déclaration de 'LoadLibraryW'
C:\Users\abcd\Desktop\fortniterenewal\Discord\Discord\mapper\intel_driver.hpp(135,90): message : 'LoadLibraryW' : la déclaration de fonction doit être disponible, car aucun des arguments ne dépend d'un paramètre de modèle
C:\Users\abcd\Desktop\fortniterenewal\Discord\Discord\mapper\intel_driver.hpp(182,97): error C2664: 'HMODULE LoadLibraryW(LPCWSTR)' : impossible de convertir l'argument 1 de 'const char [14]' en 'LPCWSTR'
C:\Users\abcd\Desktop\fortniterenewal\Discord\Discord\mapper\intel_driver.hpp(182,98): message : Les types pointés n'ont aucun rapport entre eux ; conversion nécessitant reinterpret_cast, cast de style C ou cast de style fonction
C:\Program Files (x86)\Windows Kits\10\Include\10.0.22000.0\um\libloaderapi.h(601,1): message : voir la déclaration de 'LoadLibraryW'
C:\Users\abcd\Desktop\fortniterenewal\Discord\Discord\mapper\intel_driver.hpp(182,97): message : 'LoadLibraryW' : la déclaration de fonction doit être disponible, car aucun des arguments ne dépend d'un paramètre de modèle
C:\Users\abcd\Desktop\fortniterenewal\Discord\Discord\mapper\intel_driver.hpp(183,104): error C2664: 'HMODULE LoadLibraryW(LPCWSTR)' : impossible de convertir l'argument 1 de 'const char [11]' en 'LPCWSTR'
C:\Users\abcd\Desktop\fortniterenewal\Discord\Discord\mapper\intel_driver.hpp(183,105): message : Les types pointés n'ont aucun rapport entre eux ; conversion nécessitant reinterpret_cast, cast de style C ou cast de style fonction
C:\Program Files (x86)\Windows Kits\10\Include\10.0.22000.0\um\libloaderapi.h(601,1): message : voir la déclaration de 'LoadLibraryW'
C:\Users\abcd\Desktop\fortniterenewal\Discord\Discord\mapper\intel_driver.hpp(183,104): message : 'LoadLibraryW' : la déclaration de fonction doit être disponible, car aucun des arguments ne dépend d'un paramètre de modèle
C:\Users\abcd\Desktop\fortniterenewal\Discord\Discord\mapper\intel_driver.hpp(248,97): error C2664: 'HMODULE LoadLibraryW(LPCWSTR)' : impossible de convertir l'argument 1 de 'const char [14]' en 'LPCWSTR'
C:\Users\abcd\Desktop\fortniterenewal\Discord\Discord\mapper\intel_driver.hpp(248,98): message : Les types pointés n'ont aucun rapport entre eux ; conversion nécessitant reinterpret_cast, cast de style C ou cast de style fonction
C:\Program Files (x86)\Windows Kits\10\Include\10.0.22000.0\um\libloaderapi.h(601,1): message : voir la déclaration de 'LoadLibraryW'
C:\Users\abcd\Desktop\fortniterenewal\Discord\Discord\mapper\intel_driver.hpp(248,97): message : 'LoadLibraryW' : la déclaration de fonction doit être disponible, car aucun des arguments ne dépend d'un paramètre de modèle
C:\Users\abcd\Desktop\fortniterenewal\Discord\Discord\mapper\service.cpp(14,5): error C2664: 'BOOL EnumServicesStatusW(SC_HANDLE,DWORD,DWORD,LPENUM_SERVICE_STATUSW,DWORD,LPDWORD,LPDWORD,LPDWORD)' : impossible de convertir l'argument 4 de 'LPENUM_SERVICE_STATUSA' en 'LPENUM_SERVICE_STATUSW'
C:\Users\abcd\Desktop\fortniterenewal\Discord\Discord\mapper\service.cpp(14,77): message : Les types pointés n'ont aucun rapport entre eux ; conversion nécessitant reinterpret_cast, cast de style C ou cast de style fonction
C:\Program Files (x86)\Windows Kits\10\Include\10.0.22000.0\um\winsvc.h(1206,1): message : voir la déclaration de 'EnumServicesStatusW'
C:\Users\abcd\Desktop\fortniterenewal\Discord\Discord\mapper\service.cpp(17,103): error C2664: 'SC_HANDLE OpenServiceW(SC_HANDLE,LPCWSTR,DWORD)' : impossible de convertir l'argument 2 de 'LPSTR' en 'LPCWSTR'
C:\Users\abcd\Desktop\fortniterenewal\Discord\Discord\mapper\service.cpp(17,67): message : Les types pointés n'ont aucun rapport entre eux ; conversion nécessitant reinterpret_cast, cast de style C ou cast de style fonction
C:\Program Files (x86)\Windows Kits\10\Include\10.0.22000.0\um\winsvc.h(1388,1): message : voir la déclaration de 'OpenServiceW'
C:\Users\abcd\Desktop\fortniterenewal\Discord\Discord\mapper\service.cpp(21,8): error C2664: 'BOOL QueryServiceConfigW(SC_HANDLE,LPQUERY_SERVICE_CONFIGW,DWORD,LPDWORD)' : impossible de convertir l'argument 2 de 'LPQUERY_SERVICE_CONFIGA' en 'LPQUERY_SERVICE_CONFIGW'
C:\Users\abcd\Desktop\fortniterenewal\Discord\Discord\mapper\service.cpp(21,44): message : Les types pointés n'ont aucun rapport entre eux ; conversion nécessitant reinterpret_cast, cast de style C ou cast de style fonction
C:\Program Files (x86)\Windows Kits\10\Include\10.0.22000.0\um\winsvc.h(1414,1): message : voir la déclaration de 'QueryServiceConfigW'
C:\Users\abcd\Desktop\fortniterenewal\Discord\Discord\mapper\service.cpp(55,5): error C2664: 'BOOL EnumServicesStatusW(SC_HANDLE,DWORD,DWORD,LPENUM_SERVICE_STATUSW,DWORD,LPDWORD,LPDWORD,LPDWORD)' : impossible de convertir l'argument 4 de 'LPENUM_SERVICE_STATUSA' en 'LPENUM_SERVICE_STATUSW'
C:\Users\abcd\Desktop\fortniterenewal\Discord\Discord\mapper\service.cpp(55,77): message : Les types pointés n'ont aucun rapport entre eux ; conversion nécessitant reinterpret_cast, cast de style C ou cast de style fonction
C:\Program Files (x86)\Windows Kits\10\Include\10.0.22000.0\um\winsvc.h(1206,1): message : voir la déclaration de 'EnumServicesStatusW'
C:\Users\abcd\Desktop\fortniterenewal\Discord\Discord\mapper\service.cpp(76,39): error C3083: 'filesystem' : le symbole situé à gauche de '::' doit être un type
C:\Users\abcd\Desktop\fortniterenewal\Discord\Discord\mapper\service.cpp(76,51): error C2039: 'path' n'est pas membre de 'std'
C:\Program Files (x86)\Microsoft Visual Studio\2019\Community\VC\Tools\MSVC\14.29.30133\include\fstream(26): message : voir la déclaration de 'std'
C:\Users\abcd\Desktop\fortniterenewal\Discord\Discord\mapper\service.cpp(76,55): error C3861: 'path' : identificateur introuvable
C:\Users\abcd\Desktop\fortniterenewal\Discord\Discord\mapper\service.cpp(91,274): error C2664: 'SC_HANDLE CreateServiceW(SC_HANDLE,LPCWSTR,LPCWSTR,DWORD,DWORD,DWORD,DWORD,LPCWSTR,LPCWSTR,LPDWORD,LPCWSTR,LPCWSTR,LPCWSTR)' : impossible de convertir l'argument 2 de 'const _Elem *' en 'LPCWSTR'
          with
          [
              _Elem=char
          ]
C:\Users\abcd\Desktop\fortniterenewal\Discord\Discord\mapper\service.cpp(91,79): message : Les types pointés n'ont aucun rapport entre eux ; conversion nécessitant reinterpret_cast, cast de style C ou cast de style fonction
C:\Program Files (x86)\Windows Kits\10\Include\10.0.22000.0\um\winsvc.h(1121,1): message : voir la déclaration de 'CreateServiceW'
C:\Users\abcd\Desktop\fortniterenewal\Discord\Discord\mapper\service.cpp(95,85): error C2664: 'SC_HANDLE OpenServiceW(SC_HANDLE,LPCWSTR,DWORD)' : impossible de convertir l'argument 2 de 'const _Elem *' en 'LPCWSTR'
          with
          [
              _Elem=char
          ]
C:\Users\abcd\Desktop\fortniterenewal\Discord\Discord\mapper\service.cpp(95,68): message : Les types pointés n'ont aucun rapport entre eux ; conversion nécessitant reinterpret_cast, cast de style C ou cast de style fonction
C:\Program Files (x86)\Windows Kits\10\Include\10.0.22000.0\um\winsvc.h(1388,1): message : voir la déclaration de 'OpenServiceW'
C:\Users\abcd\Desktop\fortniterenewal\Discord\Discord\mapper\service.cpp(122,108): error C2664: 'SC_HANDLE OpenServiceW(SC_HANDLE,LPCWSTR,DWORD)' : impossible de convertir l'argument 2 de 'const _Elem *' en 'LPCWSTR'
          with
          [
              _Elem=char
          ]
C:\Users\abcd\Desktop\fortniterenewal\Discord\Discord\mapper\service.cpp(122,83): message : Les types pointés n'ont aucun rapport entre eux ; conversion nécessitant reinterpret_cast, cast de style C ou cast de style fonction
C:\Program Files (x86)\Windows Kits\10\Include\10.0.22000.0\um\winsvc.h(1388,1): message : voir la déclaration de 'OpenServiceW'
C:\Users\abcd\Desktop\fortniterenewal\Discord\Discord\mapper\service.cpp(122,18): error C2737: 'service_handle' : l’objet const doit être initialisé
  utils.cpp
  Génération de code en cours...
